2020-01-02 12:31:15,096 ERROR: Exception on /index [GET] [in /Users/nathanphan/Desktop/Projects/flask/microblog/venv/lib/python3.7/site-packages/flask/app.py:1891]
Traceback (most recent call last):
  File "/Users/nathanphan/Desktop/Projects/flask/microblog/venv/lib/python3.7/site-packages/flask/app.py", line 2446, in wsgi_app
    response = self.full_dispatch_request()
  File "/Users/nathanphan/Desktop/Projects/flask/microblog/venv/lib/python3.7/site-packages/flask/app.py", line 1951, in full_dispatch_request
    rv = self.handle_user_exception(e)
  File "/Users/nathanphan/Desktop/Projects/flask/microblog/venv/lib/python3.7/site-packages/flask/app.py", line 1820, in handle_user_exception
    reraise(exc_type, exc_value, tb)
  File "/Users/nathanphan/Desktop/Projects/flask/microblog/venv/lib/python3.7/site-packages/flask/_compat.py", line 39, in reraise
    raise value
  File "/Users/nathanphan/Desktop/Projects/flask/microblog/venv/lib/python3.7/site-packages/flask/app.py", line 1949, in full_dispatch_request
    rv = self.dispatch_request()
  File "/Users/nathanphan/Desktop/Projects/flask/microblog/venv/lib/python3.7/site-packages/flask/app.py", line 1935, in dispatch_request
    return self.view_functions[rule.endpoint](**req.view_args)
  File "/Users/nathanphan/Desktop/Projects/flask/microblog/venv/lib/python3.7/site-packages/flask_login/utils.py", line 261, in decorated_view
    return func(*args, **kwargs)
  File "/Users/nathanphan/Desktop/Projects/flask/microblog/app/routes.py", line 29, in index
    page, application.config['POSTS_PER_PAGE', False])
KeyError: ('POSTS_PER_PAGE', False)
2020-01-02 12:31:56,111 INFO: Microblog startup [in /Users/nathanphan/Desktop/Projects/flask/microblog/app/__init__.py:49]
2020-01-02 12:46:49,093 INFO: Microblog startup [in /Users/nathanphan/Desktop/Projects/flask/microblog/app/__init__.py:49]
2020-01-02 12:49:17,140 INFO: Microblog startup [in /Users/nathanphan/Desktop/Projects/flask/microblog/app/__init__.py:49]
2020-01-02 12:53:02,229 INFO: Microblog startup [in /Users/nathanphan/Desktop/Projects/flask/microblog/app/__init__.py:49]
2020-01-02 12:59:55,459 INFO: Microblog startup [in /Users/nathanphan/Desktop/Projects/flask/microblog/app/__init__.py:49]
